<?xml version="1.0" encoding="UTF-8"?>
<testsuite name="net.rafael.ravbite.engine.WindowTest" tests="1" skipped="0" failures="0" errors="0" timestamp="2022-03-26T12:14:07" hostname="RAFAEL-PC" time="1.702">
  <properties/>
  <testcase name="windowTest()" classname="net.rafael.ravbite.engine.WindowTest" time="1.702"/>
  <system-out><![CDATA[]]></system-out>
  <system-err><![CDATA[]]></system-err>
</testsuite>
